<?xml version="1.0" encoding="UTF-8"?>
<Site BuildName="Linux-g++"
	BuildStamp="20240205-0255-Experimental"
	Name="raphael-ROG-Strix-GL10CS-GL10CS"
	Generator="ctest-3.22.1"
	CompilerName="/usr/bin/g++"
	CompilerVersion="11.4.0"
	OSName="Linux"
	Hostname="raphael-ROG-Strix-GL10CS-GL10CS"
	OSRelease="5.15.0-92-generic"
	OSVersion="#102-Ubuntu SMP Wed Jan 10 09:33:48 UTC 2024"
	OSPlatform="x86_64"
	Is64Bits="1"
	VendorString="GenuineIntel"
	VendorID="Intel Corporation"
	FamilyID="6"
	ModelID="158"
	ProcessorCacheSize="12288"
	NumberOfLogicalCPU="8"
	NumberOfPhysicalCPU="8"
	TotalVirtualMemory="2047"
	TotalPhysicalMemory="15910"
	LogicalProcessorsPerPhysical="1"
	ProcessorClockFrequency="3600"
	>
	<Testing>
		<StartDateTime>Feb 04 21:55 EST</StartDateTime>
		<StartTestTime>1707101760</StartTestTime>
		<TestList/>
		<EndDateTime>Feb 04 21:55 EST</EndDateTime>
		<EndTestTime>1707101760</EndTestTime>
		<ElapsedMinutes>0</ElapsedMinutes>
	</Testing>
</Site>
